<?xml version="1.0" encoding="UTF-8"?>
<!-- Generated by org.testng.reporters.JUnitXMLReporter -->
<testsuite ignored="0" hostname="PPineda-EDP-100-981.local" failures="0" tests="2" name="/Users/princeanriepineda/GitCary/CarySeleniumFramework" time="24.948" errors="0" timestamp="2024-02-15T15:34:03 PST">
  <testcase classname="TestCases.Tricentis.TricentisRegistration_PositiveFlowTestCase" name="Test1EnterVehicleDataMultipleValues" time="6.89"/>
  <testcase classname="TestCases.Tricentis.TricentisRegistration_PositiveFlowTestCase" name="Test1EnterVehicleDataMultipleValues" time="6.871"/>
</testsuite> <!-- /Users/princeanriepineda/GitCary/CarySeleniumFramework -->
