<?xml version="1.0" encoding="UTF-8"?>
<testng-results ignored="0" total="2" passed="2" failed="0" skipped="0">
  <reporter-output>
  </reporter-output>
  <suite started-at="2024-02-15T15:33:38 PST" name="All Test Suite" finished-at="2024-02-15T15:34:03 PST" duration-ms="24948">
    <groups>
    </groups>
    <test started-at="2024-02-15T15:33:38 PST" name="/Users/princeanriepineda/GitCary/CarySeleniumFramework" finished-at="2024-02-15T15:34:03 PST" duration-ms="24948">
      <class name="TestCases.Tricentis.TricentisRegistration_PositiveFlowTestCase">
        <test-method is-config="true" signature="launchapplication()[pri:0, instance:TestCases.Tricentis.TricentisRegistration_PositiveFlowTestCase@46c269e0]" started-at="2024-02-15T15:33:38 PST" name="launchapplication" finished-at="2024-02-15T15:33:44 PST" duration-ms="6027" status="PASS">
          <reporter-output>
          </reporter-output>
        </test-method> <!-- launchapplication -->
        <test-method signature="Test1EnterVehicleDataMultipleValues(java.util.HashMap)[pri:1, instance:TestCases.Tricentis.TricentisRegistration_PositiveFlowTestCase@46c269e0]" started-at="2024-02-15T15:33:44 PST" name="Test1EnterVehicleDataMultipleValues" data-provider="getData" finished-at="2024-02-15T15:33:51 PST" duration-ms="6890" status="PASS">
          <params>
            <param index="0">
              <value>
                <![CDATA[{Vehicle=Automobile, Gender=Female}]]>
              </value>
            </param>
          </params>
          <reporter-output>
          </reporter-output>
        </test-method> <!-- Test1EnterVehicleDataMultipleValues -->
        <test-method is-config="true" signature="CloseBrowser()[pri:0, instance:TestCases.Tricentis.TricentisRegistration_PositiveFlowTestCase@46c269e0]" started-at="2024-02-15T15:33:51 PST" name="CloseBrowser" finished-at="2024-02-15T15:33:52 PST" duration-ms="275" status="PASS">
          <reporter-output>
          </reporter-output>
        </test-method> <!-- CloseBrowser -->
        <test-method is-config="true" signature="launchapplication()[pri:0, instance:TestCases.Tricentis.TricentisRegistration_PositiveFlowTestCase@46c269e0]" started-at="2024-02-15T15:33:52 PST" name="launchapplication" finished-at="2024-02-15T15:33:56 PST" duration-ms="4240" status="PASS">
          <reporter-output>
          </reporter-output>
        </test-method> <!-- launchapplication -->
        <test-method signature="Test1EnterVehicleDataMultipleValues(java.util.HashMap)[pri:1, instance:TestCases.Tricentis.TricentisRegistration_PositiveFlowTestCase@46c269e0]" started-at="2024-02-15T15:33:56 PST" name="Test1EnterVehicleDataMultipleValues" data-provider="getData" finished-at="2024-02-15T15:34:03 PST" duration-ms="6871" status="PASS">
          <params>
            <param index="0">
              <value>
                <![CDATA[{Vehicle=Truck, Gender=Male}]]>
              </value>
            </param>
          </params>
          <reporter-output>
          </reporter-output>
        </test-method> <!-- Test1EnterVehicleDataMultipleValues -->
        <test-method is-config="true" signature="CloseBrowser()[pri:0, instance:TestCases.Tricentis.TricentisRegistration_PositiveFlowTestCase@46c269e0]" started-at="2024-02-15T15:34:03 PST" name="CloseBrowser" finished-at="2024-02-15T15:34:03 PST" duration-ms="133" status="PASS">
          <reporter-output>
          </reporter-output>
        </test-method> <!-- CloseBrowser -->
      </class> <!-- TestCases.Tricentis.TricentisRegistration_PositiveFlowTestCase -->
    </test> <!-- /Users/princeanriepineda/GitCary/CarySeleniumFramework -->
  </suite> <!-- All Test Suite -->
</testng-results>
