<?xml version="1.0" encoding="UTF-8"?>
<testng-results ignored="0" total="2" passed="2" failed="0" skipped="0">
  <reporter-output>
  </reporter-output>
  <suite started-at="2024-02-05T17:29:15 PST" name="All Test Suite" finished-at="2024-02-05T17:29:40 PST" duration-ms="24602">
    <groups>
    </groups>
    <test started-at="2024-02-05T17:29:15 PST" name="/Users/princeanriepineda/GitCary/CarySeleniumFramework" finished-at="2024-02-05T17:29:40 PST" duration-ms="24602">
      <class name="TestCases.Tricentis.TricentisRegistration_PositiveFlowTestCase">
        <test-method is-config="true" signature="launchapplication()[pri:0, instance:TestCases.Tricentis.TricentisRegistration_PositiveFlowTestCase@43826ec]" started-at="2024-02-05T17:29:15 PST" name="launchapplication" finished-at="2024-02-05T17:29:21 PST" duration-ms="5730" status="PASS">
          <reporter-output>
          </reporter-output>
        </test-method> <!-- launchapplication -->
        <test-method signature="Test1EnterVehicleDataMultipleValues(java.util.HashMap)[pri:1, instance:TestCases.Tricentis.TricentisRegistration_PositiveFlowTestCase@43826ec]" started-at="2024-02-05T17:29:21 PST" name="Test1EnterVehicleDataMultipleValues" data-provider="getData" finished-at="2024-02-05T17:29:28 PST" duration-ms="6965" status="PASS">
          <params>
            <param index="0">
              <value>
                <![CDATA[{Vehicle=Automobile, Gender=Female}]]>
              </value>
            </param>
          </params>
          <reporter-output>
          </reporter-output>
        </test-method> <!-- Test1EnterVehicleDataMultipleValues -->
        <test-method is-config="true" signature="CloseBrowser()[pri:0, instance:TestCases.Tricentis.TricentisRegistration_PositiveFlowTestCase@43826ec]" started-at="2024-02-05T17:29:28 PST" name="CloseBrowser" finished-at="2024-02-05T17:29:28 PST" duration-ms="193" status="PASS">
          <reporter-output>
          </reporter-output>
        </test-method> <!-- CloseBrowser -->
        <test-method is-config="true" signature="launchapplication()[pri:0, instance:TestCases.Tricentis.TricentisRegistration_PositiveFlowTestCase@43826ec]" started-at="2024-02-05T17:29:28 PST" name="launchapplication" finished-at="2024-02-05T17:29:32 PST" duration-ms="4366" status="PASS">
          <reporter-output>
          </reporter-output>
        </test-method> <!-- launchapplication -->
        <test-method signature="Test1EnterVehicleDataMultipleValues(java.util.HashMap)[pri:1, instance:TestCases.Tricentis.TricentisRegistration_PositiveFlowTestCase@43826ec]" started-at="2024-02-05T17:29:32 PST" name="Test1EnterVehicleDataMultipleValues" data-provider="getData" finished-at="2024-02-05T17:29:39 PST" duration-ms="6863" status="PASS">
          <params>
            <param index="0">
              <value>
                <![CDATA[{Vehicle=Truck, Gender=Male}]]>
              </value>
            </param>
          </params>
          <reporter-output>
          </reporter-output>
        </test-method> <!-- Test1EnterVehicleDataMultipleValues -->
        <test-method is-config="true" signature="CloseBrowser()[pri:0, instance:TestCases.Tricentis.TricentisRegistration_PositiveFlowTestCase@43826ec]" started-at="2024-02-05T17:29:39 PST" name="CloseBrowser" finished-at="2024-02-05T17:29:40 PST" duration-ms="197" status="PASS">
          <reporter-output>
          </reporter-output>
        </test-method> <!-- CloseBrowser -->
      </class> <!-- TestCases.Tricentis.TricentisRegistration_PositiveFlowTestCase -->
    </test> <!-- /Users/princeanriepineda/GitCary/CarySeleniumFramework -->
  </suite> <!-- All Test Suite -->
</testng-results>
