<?xml version="1.0" encoding="UTF-8"?>
<testng-results ignored="0" total="2" passed="2" failed="0" skipped="0">
  <reporter-output>
  </reporter-output>
  <suite started-at="2024-02-05T14:54:47 PST" name="All Test Suite" finished-at="2024-02-05T14:55:25 PST" duration-ms="38411">
    <groups>
    </groups>
    <test started-at="2024-02-05T14:54:47 PST" name="/Users/princeanriepineda/IdeaProjects/CarySeleniumFramework" finished-at="2024-02-05T14:55:25 PST" duration-ms="38411">
      <class name="TestCases.Tricentis.TricentisRegistration_PositiveFlowTestCase">
        <test-method is-config="true" signature="launchapplication()[pri:0, instance:TestCases.Tricentis.TricentisRegistration_PositiveFlowTestCase@43826ec]" started-at="2024-02-05T14:54:47 PST" name="launchapplication" finished-at="2024-02-05T14:54:55 PST" duration-ms="7622" status="PASS">
          <reporter-output>
          </reporter-output>
        </test-method> <!-- launchapplication -->
        <test-method signature="Test1EnterVehicleDataMultipleValues(java.util.HashMap)[pri:1, instance:TestCases.Tricentis.TricentisRegistration_PositiveFlowTestCase@43826ec]" started-at="2024-02-05T14:54:55 PST" name="Test1EnterVehicleDataMultipleValues" data-provider="getData" finished-at="2024-02-05T14:55:06 PST" duration-ms="11017" status="PASS">
          <params>
            <param index="0">
              <value>
                <![CDATA[{Vehicle=Automobile, Gender=Female}]]>
              </value>
            </param>
          </params>
          <reporter-output>
          </reporter-output>
        </test-method> <!-- Test1EnterVehicleDataMultipleValues -->
        <test-method is-config="true" signature="CloseBrowser()[pri:0, instance:TestCases.Tricentis.TricentisRegistration_PositiveFlowTestCase@43826ec]" started-at="2024-02-05T14:55:06 PST" name="CloseBrowser" finished-at="2024-02-05T14:55:06 PST" duration-ms="171" status="PASS">
          <reporter-output>
          </reporter-output>
        </test-method> <!-- CloseBrowser -->
        <test-method is-config="true" signature="launchapplication()[pri:0, instance:TestCases.Tricentis.TricentisRegistration_PositiveFlowTestCase@43826ec]" started-at="2024-02-05T14:55:06 PST" name="launchapplication" finished-at="2024-02-05T14:55:19 PST" duration-ms="12344" status="PASS">
          <reporter-output>
          </reporter-output>
        </test-method> <!-- launchapplication -->
        <test-method signature="Test1EnterVehicleDataMultipleValues(java.util.HashMap)[pri:1, instance:TestCases.Tricentis.TricentisRegistration_PositiveFlowTestCase@43826ec]" started-at="2024-02-05T14:55:19 PST" name="Test1EnterVehicleDataMultipleValues" data-provider="getData" finished-at="2024-02-05T14:55:25 PST" duration-ms="6841" status="PASS">
          <params>
            <param index="0">
              <value>
                <![CDATA[{Vehicle=Truck, Gender=Male}]]>
              </value>
            </param>
          </params>
          <reporter-output>
          </reporter-output>
        </test-method> <!-- Test1EnterVehicleDataMultipleValues -->
        <test-method is-config="true" signature="CloseBrowser()[pri:0, instance:TestCases.Tricentis.TricentisRegistration_PositiveFlowTestCase@43826ec]" started-at="2024-02-05T14:55:25 PST" name="CloseBrowser" finished-at="2024-02-05T14:55:25 PST" duration-ms="137" status="PASS">
          <reporter-output>
          </reporter-output>
        </test-method> <!-- CloseBrowser -->
      </class> <!-- TestCases.Tricentis.TricentisRegistration_PositiveFlowTestCase -->
    </test> <!-- /Users/princeanriepineda/IdeaProjects/CarySeleniumFramework -->
  </suite> <!-- All Test Suite -->
</testng-results>
