<?xml version="1.0" encoding="UTF-8"?>
<!-- Generated by org.testng.reporters.JUnitXMLReporter -->
<testsuite ignored="0" hostname="PPineda-EDP-100-981.local" failures="0" tests="2" name="/Users/princeanriepineda/GitCary/CarySeleniumFramework" time="24.602" errors="0" timestamp="2024-02-05T17:29:40 PST">
  <testcase classname="TestCases.Tricentis.TricentisRegistration_PositiveFlowTestCase" name="Test1EnterVehicleDataMultipleValues" time="6.965"/>
  <testcase classname="TestCases.Tricentis.TricentisRegistration_PositiveFlowTestCase" name="Test1EnterVehicleDataMultipleValues" time="6.863"/>
</testsuite> <!-- /Users/princeanriepineda/GitCary/CarySeleniumFramework -->
