<?xml version="1.0" encoding="UTF-8"?>
<!-- Generated by org.testng.reporters.JUnitXMLReporter -->
<testsuite ignored="0" hostname="PPineda-EDP-100-981.local" failures="0" tests="2" name="/Users/princeanriepineda/IdeaProjects/CarySeleniumFramework" time="38.411" errors="0" timestamp="2024-02-05T14:55:25 PST">
  <testcase classname="TestCases.Tricentis.TricentisRegistration_PositiveFlowTestCase" name="Test1EnterVehicleDataMultipleValues" time="11.017"/>
  <testcase classname="TestCases.Tricentis.TricentisRegistration_PositiveFlowTestCase" name="Test1EnterVehicleDataMultipleValues" time="6.841"/>
</testsuite> <!-- /Users/princeanriepineda/IdeaProjects/CarySeleniumFramework -->
